<?xml version="1.0" encoding="UTF-8"?>
<!-- Generated by org.testng.reporters.JUnitXMLReporter -->
<testsuite hostname="DESKTOP-NF15DBI" ignored="0" name="Regression1" tests="8" failures="2" timestamp="09 Dec 2020 04:54:38 GMT" time="210.296" errors="0">
  <testcase name="validLoginTest" time="7.096" classname="com.apparelStore.testCases.LoginLogOffTest"/>
  <testcase name="placeOrder" time="31.659" classname="com.apparelStore.testCases.PlaceOrderTest">
    <failure type="org.openqa.selenium.TimeoutException" message="Expected condition failed: waiting for element to be clickable: [[ChromeDriver: chrome on WINDOWS (8646463dc4f75db0045772419a4fb3f4)] -&amp;gt; class name: continue] (tried for 10 second(s) with 500 milliseconds interval)
Build info: version: &amp;apos;3.14.0&amp;apos;, revision: &amp;apos;aacccce0&amp;apos;, time: &amp;apos;2018-08-02T20:19:58.91Z&amp;apos;
System info: host: &amp;apos;DESKTOP-NF15DBI&amp;apos;, ip: &amp;apos;192.168.1.2&amp;apos;, os.name: &amp;apos;Windows 10&amp;apos;, os.arch: &amp;apos;amd64&amp;apos;, os.version: &amp;apos;10.0&amp;apos;, java.version: &amp;apos;1.8.0_271&amp;apos;
Driver info: org.openqa.selenium.chrome.ChromeDriver
Capabilities {acceptInsecureCerts: false, browserName: chrome, browserVersion: 87.0.4280.88, chrome: {chromedriverVersion: 86.0.4240.22 (398b0743353ff..., userDataDir: C:\Users\user\AppData\Local...}, goog:chromeOptions: {debuggerAddress: localhost:64131}, javascriptEnabled: true, networkConnectionEnabled: false, pageLoadStrategy: normal, platform: WINDOWS, platformName: WINDOWS, proxy: Proxy(), setWindowRect: true, strictFileInteractability: false, timeouts: {implicit: 0, pageLoad: 300000, script: 30000}, unhandledPromptBehavior: dismiss and notify, webauthn:virtualAuthenticators: true}
Session ID: 8646463dc4f75db0045772419a4fb3f4">
      <![CDATA[org.openqa.selenium.TimeoutException: Expected condition failed: waiting for element to be clickable: [[ChromeDriver: chrome on WINDOWS (8646463dc4f75db0045772419a4fb3f4)] -> class name: continue] (tried for 10 second(s) with 500 milliseconds interval)
Build info: version: '3.14.0', revision: 'aacccce0', time: '2018-08-02T20:19:58.91Z'
System info: host: 'DESKTOP-NF15DBI', ip: '192.168.1.2', os.name: 'Windows 10', os.arch: 'amd64', os.version: '10.0', java.version: '1.8.0_271'
Driver info: org.openqa.selenium.chrome.ChromeDriver
Capabilities {acceptInsecureCerts: false, browserName: chrome, browserVersion: 87.0.4280.88, chrome: {chromedriverVersion: 86.0.4240.22 (398b0743353ff..., userDataDir: C:\Users\user\AppData\Local...}, goog:chromeOptions: {debuggerAddress: localhost:64131}, javascriptEnabled: true, networkConnectionEnabled: false, pageLoadStrategy: normal, platform: WINDOWS, platformName: WINDOWS, proxy: Proxy(), setWindowRect: true, strictFileInteractability: false, timeouts: {implicit: 0, pageLoad: 300000, script: 30000}, unhandledPromptBehavior: dismiss and notify, webauthn:virtualAuthenticators: true}
Session ID: 8646463dc4f75db0045772419a4fb3f4
at org.openqa.selenium.support.ui.WebDriverWait.timeoutException(WebDriverWait.java:113)
at org.openqa.selenium.support.ui.FluentWait.until(FluentWait.java:283)
at com.apparelStore.utils.WebDriverUtility.waitTillClickableAndClick(WebDriverUtility.java:14)
at com.apparelStore.testCases.PlaceOrderTest.placeOrder(PlaceOrderTest.java:30)
... Removed 25 stack frames]]>
    </failure>
  </testcase> <!-- placeOrder -->
  <testcase name="writeReviewTest" time="14.973" classname="com.apparelStore.testCases.ReviewTest">
    <failure type="java.lang.AssertionError" message="expected [true] but found [false]">
      <![CDATA[java.lang.AssertionError: expected [true] but found [false]
at com.apparelStore.testCases.ReviewTest.writeReviewTest(ReviewTest.java:33)
... Removed 29 stack frames]]>
    </failure>
  </testcase> <!-- writeReviewTest -->
  <testcase name="shareProductTest" time="20.919" classname="com.apparelStore.testCases.ShareProductTests"/>
  <testcase name="itemsSearchTest" time="0.0" classname="com.apparelStore.testCases.SearchTests">
    <skipped/>
  </testcase> <!-- itemsSearchTest -->
  <testcase name="manufacturerTest" time="5.681" classname="com.apparelStore.testCases.SearchTests"/>
  <testcase name="invalidLoginTest" time="6.559" classname="com.apparelStore.testCases.LoginLogOffTest"/>
  <testcase name="logOffTest" time="12.564" classname="com.apparelStore.testCases.LoginLogOffTest"/>
</testsuite> <!-- Regression1 -->
