<?xml version="1.0" encoding="UTF-8"?>
<!-- Generated by org.testng.reporters.JUnitXMLReporter -->
<testsuite hostname="DESKTOP-NF15DBI" ignored="10" name="Apparel Store Test" tests="14" failures="1" timestamp="10 Dec 2020 07:08:42 GMT" time="366.706" errors="0">
  <testcase name="createAccountCaseTest" time="12.012" classname="com.apparelStore.testCases.AccountCreationTests"/>
  <testcase name="invalidLoginTest" time="4.758" classname="com.apparelStore.testCases.LoginLogOffTest"/>
  <testcase name="logOffTest" time="9.404" classname="com.apparelStore.testCases.LoginLogOffTest"/>
  <testcase name="validLoginTest" time="5.574" classname="com.apparelStore.testCases.LoginLogOffTest"/>
  <testcase name="placeOrder" time="50.883" classname="com.apparelStore.testCases.PlaceOrderTest"/>
  <testcase name="writeReviewTest" time="13.464" classname="com.apparelStore.testCases.ReviewTest">
    <failure type="java.lang.AssertionError" message="expected [true] but found [false]">
      <![CDATA[java.lang.AssertionError: expected [true] but found [false]
at com.apparelStore.testCases.ReviewTest.writeReviewTest(ReviewTest.java:34)
... Removed 29 stack frames]]>
    </failure>
  </testcase> <!-- writeReviewTest -->
  <testcase name="shareProductTest" time="13.508" classname="com.apparelStore.testCases.ShareProductTests"/>
  <testcase name="itemsSearchTest" time="2.616" classname="com.apparelStore.testCases.SearchTests"/>
  <testcase name="itemsSearchTest" time="2.636" classname="com.apparelStore.testCases.SearchTests"/>
  <testcase name="itemsSearchTest" time="2.294" classname="com.apparelStore.testCases.SearchTests"/>
  <testcase name="itemsSearchTest" time="22.259" classname="com.apparelStore.testCases.SearchTests"/>
  <testcase name="itemsSearchTest" time="2.076" classname="com.apparelStore.testCases.SearchTests"/>
  <testcase name="manufacturerTest" time="3.882" classname="com.apparelStore.testCases.SearchTests"/>
  <testcase name="createAccountTest" time="12.613" classname="com.apparelStore.testCases.AccountCreationTests"/>
  <testcase name="@BeforeTest startReport" time="0.0" classname="com.apparelStore.utils.BaseClass">
    <ignored/>
  </testcase> <!-- @BeforeTest startReport -->
  <testcase name="@BeforeTest startReport" time="0.0" classname="com.apparelStore.utils.BaseClass">
    <ignored/>
  </testcase> <!-- @BeforeTest startReport -->
  <testcase name="@BeforeTest startReport" time="0.0" classname="com.apparelStore.utils.BaseClass">
    <ignored/>
  </testcase> <!-- @BeforeTest startReport -->
  <testcase name="@BeforeTest startReport" time="0.0" classname="com.apparelStore.utils.BaseClass">
    <ignored/>
  </testcase> <!-- @BeforeTest startReport -->
  <testcase name="@BeforeTest startReport" time="0.0" classname="com.apparelStore.utils.BaseClass">
    <ignored/>
  </testcase> <!-- @BeforeTest startReport -->
  <testcase name="@AfterTest stopTest" time="0.0" classname="com.apparelStore.utils.BaseClass">
    <ignored/>
  </testcase> <!-- @AfterTest stopTest -->
  <testcase name="@AfterTest stopTest" time="0.0" classname="com.apparelStore.utils.BaseClass">
    <ignored/>
  </testcase> <!-- @AfterTest stopTest -->
  <testcase name="@AfterTest stopTest" time="0.0" classname="com.apparelStore.utils.BaseClass">
    <ignored/>
  </testcase> <!-- @AfterTest stopTest -->
  <testcase name="@AfterTest stopTest" time="0.0" classname="com.apparelStore.utils.BaseClass">
    <ignored/>
  </testcase> <!-- @AfterTest stopTest -->
  <testcase name="@AfterTest stopTest" time="0.0" classname="com.apparelStore.utils.BaseClass">
    <ignored/>
  </testcase> <!-- @AfterTest stopTest -->
</testsuite> <!-- Apparel Store Test -->
